<?xml version="1.0" encoding="UTF-8"?>
<!-- Generated by org.testng.reporters.JUnitXMLReporter -->
<testsuite ignored="1" hostname="INLEN8520087179" failures="0" tests="1" name="Default test" time="66.393" errors="0" timestamp="09 Jan 2023 12:30:28 GMT">
  <testcase classname="com.app.tests.Tests" name="verifyAddToBagOption" time="61.422"/>
  <testcase classname="com.app.tests.Tests" name="verifyLogin" time="0.0">
    <ignored/>
  </testcase> <!-- verifyLogin -->
</testsuite> <!-- Default test -->
