<?xml version="1.0" encoding="UTF-8"?>
<testng-results ignored="1" total="2" passed="1" failed="0" skipped="0">
  <reporter-output>
  </reporter-output>
  <suite started-at="2023-01-09T12:29:22Z" name="Default suite" finished-at="2023-01-09T12:30:28Z" duration-ms="66393">
    <groups>
    </groups>
    <test started-at="2023-01-09T12:29:22Z" name="Default test" finished-at="2023-01-09T12:30:28Z" duration-ms="66393">
      <class name="com.app.tests.Tests">
        <test-method is-config="true" signature="launchBrowser()[pri:0, instance:com.app.tests.Tests@12359a82]" started-at="2023-01-09T17:59:22Z" name="launchBrowser" finished-at="2023-01-09T17:59:27Z" duration-ms="4926" status="PASS">
          <reporter-output>
          </reporter-output>
        </test-method> <!-- launchBrowser -->
        <test-method signature="verifyAddToBagOption()[pri:0, instance:com.app.tests.Tests@12359a82]" started-at="2023-01-09T17:59:27Z" name="verifyAddToBagOption" finished-at="2023-01-09T18:00:28Z" duration-ms="61422" status="PASS">
          <reporter-output>
          </reporter-output>
        </test-method> <!-- verifyAddToBagOption -->
        <test-method is-config="true" signature="tearDown()[pri:0, instance:com.app.tests.Tests@12359a82]" started-at="2023-01-09T18:00:28Z" name="tearDown" finished-at="2023-01-09T18:00:28Z" duration-ms="0" status="PASS">
          <reporter-output>
          </reporter-output>
        </test-method> <!-- tearDown -->
      </class> <!-- com.app.tests.Tests -->
    </test> <!-- Default test -->
  </suite> <!-- Default suite -->
</testng-results>
